<?xml version="1.0" encoding="UTF-8"?>
<!-- Generated by org.testng.reporters.JUnitReportReporter -->
<testsuite skipped="0" hostname="DESKTOP-58QHS1F" name="Mobiotics.com.firebaseapp.altbalajifire.TestCase.TestSignINRegisteruser" tests="1" failures="0" timestamp="09 Aug 2019 06:56:33 GMT" time="0.012" errors="0">
  <testcase name="registeruser" time="0.012" classname="Mobiotics.com.firebaseapp.altbalajifire.TestCase.TestSignINRegisteruser"/>
</testsuite> <!-- Mobiotics.com.firebaseapp.altbalajifire.TestCase.TestSignINRegisteruser -->
