<?xml version="1.0" encoding="UTF-8"?>
<!-- Generated by org.testng.reporters.JUnitReportReporter -->
<testsuite skipped="0" hostname="DESKTOP-58QHS1F" name="Mobiotics.com.firebaseapp.altbalajifire.TestCase.TestClass" tests="1" failures="0" timestamp="08 Aug 2019 06:30:26 GMT" time="0.011" errors="0">
  <testcase name="testC" time="0.011" classname="Mobiotics.com.firebaseapp.altbalajifire.TestCase.TestClass"/>
</testsuite> <!-- Mobiotics.com.firebaseapp.altbalajifire.TestCase.TestClass -->
