<?xml version="1.0" encoding="UTF-8"?>
<!-- Generated by org.testng.reporters.JUnitReportReporter -->
<testsuite skipped="0" hostname="DESKTOP-58QHS1F" name="Mobiotics.com.firebaseapp.altbalajifire.TestCase.SubscribeUserSubscribed" tests="1" failures="0" timestamp="09 Aug 2019 07:05:43 GMT" time="0.030" errors="0">
  <testcase name="subscribedUser" time="0.030" classname="Mobiotics.com.firebaseapp.altbalajifire.TestCase.SubscribeUserSubscribed"/>
</testsuite> <!-- Mobiotics.com.firebaseapp.altbalajifire.TestCase.SubscribeUserSubscribed -->
